Arguments: 
  C:\Program Files\nodejs\node.exe C:\Users\PC\AppData\Roaming\npm\node_modules\yarn\bin\yarn.js install

PATH: 
  C:\Program Files (x86)\Common Files\Intel\Shared Libraries\redist\intel64\compiler;C:\app\PC\product\21c\dbhomeXE\bin;C:\Program Files\Java\jdk-11.0.13\bin;C:\Program Files\Java\jdk1.8.0_311\bin;C:\Program Files\Java\jdk1.6.0_45\bin;C:\Program Files (x86)\Common Files\Oracle\Java\javapath;C:\WINDOWS\system32;C:\WINDOWS;C:\WINDOWS\System32\Wbem;C:\WINDOWS\System32\WindowsPowerShell\v1.0\;C:\WINDOWS\System32\OpenSSH\;C:\Program Files\Git\cmd;C:\Program Files\Java\jdk-11.0.13\bin;C:\Program Files\dotnet\;C:\Program Files\Docker\Docker\resources\bin;C:\ProgramData\DockerDesktop\version-bin;C:\Program Files\nodejs\;C:\Users\PC\AppData\Local\Programs\Python\Python310\Scripts\;C:\Users\PC\AppData\Local\Programs\Python\Python310\;C:\Program Files\Java\jdk-11.0.13\bin;C:\Program Files\Java\jdk1.8.0_311;C:\Ruby30-x64\bin;C:\Users\PC\AppData\Local\Programs\Python\Python39\Scripts\;C:\Users\PC\AppData\Local\Programs\Python\Python39\;C:\Program Files\MySQL\MySQL Shell 8.0\bin\;C:\Users\PC\AppData\Local\Microsoft\WindowsApps;C:\Users\PC\AppData\Local\Programs\Microsoft VS Code\bin;C:\Users\PC\AppData\Local\GitHubDesktop\bin;C:\Users\PC\AppData\Roaming\npm

Yarn version: 
  1.22.19

Node version: 
  20.2.0

Platform: 
  win32 x64

Trace: 
  Error [ERR_SOCKET_CONNECTION_TIMEOUT]: Socket connection timeout
      at new NodeError (node:internal/errors:399:5)
      at internalConnectMultiple (node:net:1099:20)
      at Timeout.internalConnectMultipleTimeout (node:net:1638:3)
      at listOnTimeout (node:internal/timers:575:11)
      at process.processTimers (node:internal/timers:514:7)

npm manifest: 
  {
    "name": "agapet",
    "version": "1.0.0",
    "main": "node_modules/expo/AppEntry.js",
    "scripts": {
      "start": "expo start",
      "android": "expo start --android",
      "ios": "expo start --ios",
      "web": "expo start --web"
    },
    "dependencies": {
      "@expo/webpack-config": "^0.17.2",
      "@react-native-async-storage/async-storage": "~1.17.3",
      "@react-native-community/datetimepicker": "6.5.2",
      "@react-navigation/bottom-tabs": "^6.5.2",
      "@react-navigation/native": "^6.1.1",
      "@react-navigation/native-stack": "^6.9.7",
      "axios": "^1.2.1",
      "expo": "^49.0.0",
      "expo-image-picker": "~14.0.2",
      "expo-status-bar": "~1.4.2",
      "react": "18.1.0",
      "react-dom": "18.1.0",
      "react-native": "0.70.8",
      "react-native-loading-spinner-overlay": "^3.0.1",
      "react-native-safe-area-context": "4.4.1",
      "react-native-screens": "~3.18.0",
      "react-native-web": "~0.18.9",
      "react-native-webview": "11.23.1",
      "react-native-youtube-iframe": "^2.2.2"
    },
    "devDependencies": {
      "@babel/core": "^7.12.9"
    },
    "private": true
  }

yarn manifest: 
  No manifest

Lockfile: 
  No lockfile
